{% assign sorted_repos = (site.github.public_repositories | sort: 'updated_at') | reverse | where: "fork", "false" %}

<div id="container-open-source">
    <section class="jumbotron geopattern" data-pattern-id="{{ page.title }}">
        <div class="container">
            <div id="jumbotron-meta-info">
                <h1>개인 프로젝트들</h1>
                <span class="meta-info">
                    총 <span class="repo-count badge">{{ sorted_repos.size }}</span>개의 프로젝트가 깃헙에 있습니다.
                </span>
            </div>
        </div>
    </section>

    <section class="container">
        <div class="repo-list row">
            <!-- Check here for github metadata -->
            <!-- https://help.github.com/articles/repository-metadata-on-github-pages/ -->
            {% for repo in sorted_repos %}
            <div class="col-md-4 card text-center">
                <div class="thumbnail">
                    <div class="card-image geopattern" data-pattern-id="{{ repo.name }}">
                        <div class="card-image-cell">
                            <h3 class="card-title">
                                <a href="{{ repo.html_url }}" target="_blank">{{ repo.name }}</a>
                            </h3>
                        </div>
                    </div>
                    <div class="caption">
                        <div class="card-description">
                            <p class="card-text">{{ repo.description }}</p>
                        </div>
                        <div class="card-text">
                            <span data-toggle="tooltip" class="meta-info" title="{{ repo.stargazers_count }} stars">
                                <span class="octicon octicon-star"></span> {{ repo.stargazers_count }}
                            </span>
                            <span data-toggle="tooltip" class="meta-info" title="{{ repo.forks_count }} forks">
                                <span class="octicon octicon-git-branch"></span> {{ repo.forks_count }}
                            </span>
                            <span data-toggle="tooltip" class="meta-info" title="{{ repo.language }} language">
                                <span class="octicon octicon-code"></span> {{ repo.language }}
                            </span>
                            <span data-toggle="tooltip" class="meta-info" title="Last updated：{{ repo.updated_at }}">
                                <span class="octicon octicon-clock"></span>
                                <time datetime="{{ repo.updated_at }}" title="{{ repo.updated_at }}">{{ repo.updated_at | date: '%Y-%m-%d' }}</time>
                            </span>
                        </div>
                    </div>
                </div>
            </div>
            {% endfor %}
        </div>
    </section>

</div>
<script>
    $(document).ready(function(){

        // Enable bootstrap tooltip
        $("body").tooltip({ selector: '[data-toggle=tooltip]' });

        $('.geopattern').each(function(){
            $(this).geopattern($(this).data('pattern-id'));
        });

    });
</script>
